<?xml version="1.0" encoding="UTF-8"?>
<testsuite name="com.wru.wrubookstore.repository.ChatRepositoryImplTest" tests="3" skipped="0" failures="0" errors="0" timestamp="2025-04-17T02:04:23.759Z" hostname="DESKTOP-O0UUMR9" time="0.764">
  <properties/>
  <testcase name="selectAllByUserIdTest()" classname="com.wru.wrubookstore.repository.ChatRepositoryImplTest" time="0.735"/>
  <testcase name="selectAllByUuidTest()" classname="com.wru.wrubookstore.repository.ChatRepositoryImplTest" time="0.005"/>
  <testcase name="insertTest()" classname="com.wru.wrubookstore.repository.ChatRepositoryImplTest" time="0.02"/>
  <system-out><![CDATA[11:04:20.659 [Test worker] INFO org.springframework.test.context.support.AnnotationConfigContextLoaderUtils -- Could not detect default configuration classes for test class [com.wru.wrubookstore.repository.ChatRepositoryImplTest]: ChatRepositoryImplTest does not declare any static, non-private, non-final, nested classes annotated with @Configuration.
11:04:20.807 [Test worker] INFO org.springframework.boot.test.context.SpringBootTestContextBootstrapper -- Found @SpringBootConfiguration com.wru.wrubookstore.WeReadUpApplication for test class com.wru.wrubookstore.repository.ChatRepositoryImplTest

  .   ____          _            __ _ _
 /\\ / ___'_ __ _ _(_)_ __  __ _ \ \ \ \
( ( )\___ | '_ | '_| | '_ \/ _` | \ \ \ \
 \\/  ___)| |_)| | | | | || (_| |  ) ) ) )
  '  |____| .__|_| |_|_| |_\__, | / / / /
 =========|_|==============|___/=/_/_/_/

 :: Spring Boot ::                (v3.4.3)

2025-04-17T11:04:21.129+09:00  INFO 15972 --- [we-read-up] [    Test worker] c.w.w.repository.ChatRepositoryImplTest  : Starting ChatRepositoryImplTest using Java 21.0.6 with PID 15972 (started by black in C:\Program Files\Spring\project\we-read-up-ai\springboot)
2025-04-17T11:04:21.130+09:00  INFO 15972 --- [we-read-up] [    Test worker] c.w.w.repository.ChatRepositoryImplTest  : No active profile set, falling back to 1 default profile: "default"
2025-04-17T11:04:21.860+09:00  WARN 15972 --- [we-read-up] [    Test worker] o.m.s.mapper.ClassPathMapperScanner      : No MyBatis mapper was found in '[com.wru.wrubookstore]' package. Please check your configuration.
2025-04-17T11:04:23.725+09:00  INFO 15972 --- [we-read-up] [    Test worker] c.w.w.repository.ChatRepositoryImplTest  : Started ChatRepositoryImplTest in 2.796 seconds (process running for 3.784)
2025-04-17T11:04:24.329+09:00  INFO 15972 --- [we-read-up] [    Test worker] com.zaxxer.hikari.HikariDataSource       : HikariPool-1 - Starting...
2025-04-17T11:04:24.453+09:00  INFO 15972 --- [we-read-up] [    Test worker] com.zaxxer.hikari.pool.HikariPool        : HikariPool-1 - Added connection com.mysql.cj.jdbc.ConnectionImpl@74c23525
2025-04-17T11:04:24.454+09:00  INFO 15972 --- [we-read-up] [    Test worker] com.zaxxer.hikari.HikariDataSource       : HikariPool-1 - Start completed.
]]></system-out>
  <system-err><![CDATA[Mockito is currently self-attaching to enable the inline-mock-maker. This will no longer work in future releases of the JDK. Please add Mockito as an agent to your build what is described in Mockito's documentation: https://javadoc.io/doc/org.mockito/mockito-core/latest/org/mockito/Mockito.html#0.3
WARNING: A Java agent has been loaded dynamically (C:\Users\black\.gradle\caches\modules-2\files-2.1\net.bytebuddy\byte-buddy-agent\1.15.11\a38b16385e867f59a641330f0362ebe742788ed8\byte-buddy-agent-1.15.11.jar)
WARNING: If a serviceability tool is in use, please run with -XX:+EnableDynamicAgentLoading to hide this warning
WARNING: If a serviceability tool is not in use, please run with -Djdk.instrument.traceUsage for more information
WARNING: Dynamic loading of agents will be disallowed by default in a future release
]]></system-err>
</testsuite>
